<?xml version="1.0" encoding="UTF-8"?>
<testng-results ignored="0" total="6" passed="5" failed="1" skipped="0">
  <reporter-output>
  </reporter-output>
  <suite started-at="2022-06-05T14:25:49 IST" name="Suite" finished-at="2022-06-05T14:27:53 IST" duration-ms="123535">
    <groups>
    </groups>
    <test started-at="2022-06-05T14:25:49 IST" name="Test" finished-at="2022-06-05T14:27:53 IST" duration-ms="123535">
      <class name="testCase.RunZoomInfoOption2ShowVideo">
        <test-method is-config="true" signature="base()[pri:0, instance:testCase.RunZoomInfoOption2ShowVideo@506ae4d4]" started-at="2022-06-05T14:26:51 IST" name="base" finished-at="2022-06-05T14:26:54 IST" duration-ms="3324" status="PASS">
          <reporter-output>
          </reporter-output>
        </test-method> <!-- base -->
        <test-method signature="runtestcases()[pri:0, instance:testCase.RunZoomInfoOption2ShowVideo@506ae4d4]" started-at="2022-06-05T14:26:54 IST" name="runtestcases" finished-at="2022-06-05T14:27:07 IST" duration-ms="12618" status="PASS">
          <reporter-output>
          </reporter-output>
        </test-method> <!-- runtestcases -->
      </class> <!-- testCase.RunZoomInfoOption2ShowVideo -->
      <class name="testCase.RunZoomInfoOption2">
        <test-method is-config="true" signature="base()[pri:0, instance:testCase.RunZoomInfoOption2@b9b00e0]" started-at="2022-06-05T14:26:45 IST" name="base" finished-at="2022-06-05T14:26:48 IST" duration-ms="3220" status="PASS">
          <reporter-output>
          </reporter-output>
        </test-method> <!-- base -->
        <test-method signature="runtestcases()[pri:0, instance:testCase.RunZoomInfoOption2@b9b00e0]" started-at="2022-06-05T14:26:48 IST" name="runtestcases" finished-at="2022-06-05T14:26:51 IST" duration-ms="2887" status="FAIL">
          <exception class="org.openqa.selenium.StaleElementReferenceException">
            <message>
              <![CDATA[stale element reference: element is not attached to the page document
  (Session info: chrome=102.0.5005.63)
For documentation on this error, please visit: https://selenium.dev/exceptions/#stale_element_reference
Build info: version: '4.0.0', revision: '3a21814679'
System info: host: 'DESKTOP-4NVERM4', ip: '192.168.137.1', os.name: 'Windows 10', os.arch: 'amd64', os.version: '10.0', java.version: '15.0.2'
Driver info: org.openqa.selenium.chrome.ChromeDriver
Command: [771d3035504c8732b4d71049ce7182c0, clickElement {id=779981d1-998f-4e8f-985e-9f5624be88af}]
Capabilities {acceptInsecureCerts: false, browserName: chrome, browserVersion: 102.0.5005.63, chrome: {chromedriverVersion: 102.0.5005.61 (0e59bcc00cc4..., userDataDir: C:\Users\sidde\AppData\Loca...}, goog:chromeOptions: {debuggerAddress: localhost:53626}, javascriptEnabled: true, networkConnectionEnabled: false, pageLoadStrategy: normal, platform: WINDOWS, platformName: WINDOWS, proxy: Proxy(), se:cdp: ws://localhost:53626/devtoo..., se:cdpVersion: 102.0.5005.63, setWindowRect: true, strictFileInteractability: false, timeouts: {implicit: 0, pageLoad: 300000, script: 30000}, unhandledPromptBehavior: dismiss and notify, webauthn:extension:credBlob: true, webauthn:extension:largeBlob: true, webauthn:virtualAuthenticators: true}
Element: [[ChromeDriver: chrome on WINDOWS (771d3035504c8732b4d71049ce7182c0)] -> id: insent-launcher-icon-container]
Session ID: 771d3035504c8732b4d71049ce7182c0]]>
            </message>
            <full-stacktrace>
              <![CDATA[org.openqa.selenium.StaleElementReferenceException: stale element reference: element is not attached to the page document
  (Session info: chrome=102.0.5005.63)
For documentation on this error, please visit: https://selenium.dev/exceptions/#stale_element_reference
Build info: version: '4.0.0', revision: '3a21814679'
System info: host: 'DESKTOP-4NVERM4', ip: '192.168.137.1', os.name: 'Windows 10', os.arch: 'amd64', os.version: '10.0', java.version: '15.0.2'
Driver info: org.openqa.selenium.chrome.ChromeDriver
Command: [771d3035504c8732b4d71049ce7182c0, clickElement {id=779981d1-998f-4e8f-985e-9f5624be88af}]
Capabilities {acceptInsecureCerts: false, browserName: chrome, browserVersion: 102.0.5005.63, chrome: {chromedriverVersion: 102.0.5005.61 (0e59bcc00cc4..., userDataDir: C:\Users\sidde\AppData\Loca...}, goog:chromeOptions: {debuggerAddress: localhost:53626}, javascriptEnabled: true, networkConnectionEnabled: false, pageLoadStrategy: normal, platform: WINDOWS, platformName: WINDOWS, proxy: Proxy(), se:cdp: ws://localhost:53626/devtoo..., se:cdpVersion: 102.0.5005.63, setWindowRect: true, strictFileInteractability: false, timeouts: {implicit: 0, pageLoad: 300000, script: 30000}, unhandledPromptBehavior: dismiss and notify, webauthn:extension:credBlob: true, webauthn:extension:largeBlob: true, webauthn:virtualAuthenticators: true}
Element: [[ChromeDriver: chrome on WINDOWS (771d3035504c8732b4d71049ce7182c0)] -> id: insent-launcher-icon-container]
Session ID: 771d3035504c8732b4d71049ce7182c0
at java.base/jdk.internal.reflect.NativeConstructorAccessorImpl.newInstance0(Native Method)
at java.base/jdk.internal.reflect.NativeConstructorAccessorImpl.newInstance(NativeConstructorAccessorImpl.java:64)
at java.base/jdk.internal.reflect.DelegatingConstructorAccessorImpl.newInstance(DelegatingConstructorAccessorImpl.java:45)
at java.base/java.lang.reflect.Constructor.newInstanceWithCaller(Constructor.java:500)
at java.base/java.lang.reflect.Constructor.newInstance(Constructor.java:481)
at org.openqa.selenium.remote.codec.w3c.W3CHttpResponseCodec.createException(W3CHttpResponseCodec.java:200)
at org.openqa.selenium.remote.codec.w3c.W3CHttpResponseCodec.decode(W3CHttpResponseCodec.java:133)
at org.openqa.selenium.remote.codec.w3c.W3CHttpResponseCodec.decode(W3CHttpResponseCodec.java:53)
at org.openqa.selenium.remote.HttpCommandExecutor.execute(HttpCommandExecutor.java:184)
at org.openqa.selenium.remote.service.DriverCommandExecutor.invokeExecute(DriverCommandExecutor.java:164)
at org.openqa.selenium.remote.service.DriverCommandExecutor.execute(DriverCommandExecutor.java:139)
at org.openqa.selenium.remote.RemoteWebDriver.execute(RemoteWebDriver.java:559)
at org.openqa.selenium.remote.RemoteWebElement.execute(RemoteWebElement.java:251)
at org.openqa.selenium.remote.RemoteWebElement.click(RemoteWebElement.java:77)
at Pages.Chatbot.chatbot2(Chatbot.java:29)
at testCase.RunZoomInfoOption2.runtestcases(RunZoomInfoOption2.java:20)
at java.base/jdk.internal.reflect.NativeMethodAccessorImpl.invoke0(Native Method)
at java.base/jdk.internal.reflect.NativeMethodAccessorImpl.invoke(NativeMethodAccessorImpl.java:64)
at java.base/jdk.internal.reflect.DelegatingMethodAccessorImpl.invoke(DelegatingMethodAccessorImpl.java:43)
at java.base/java.lang.reflect.Method.invoke(Method.java:564)
at org.testng.internal.MethodInvocationHelper.invokeMethod(MethodInvocationHelper.java:133)
at org.testng.internal.TestInvoker.invokeMethod(TestInvoker.java:598)
at org.testng.internal.TestInvoker.invokeTestMethod(TestInvoker.java:173)
at org.testng.internal.MethodRunner.runInSequence(MethodRunner.java:46)
at org.testng.internal.TestInvoker$MethodInvocationAgent.invoke(TestInvoker.java:824)
at org.testng.internal.TestInvoker.invokeTestMethods(TestInvoker.java:146)
at org.testng.internal.TestMethodWorker.invokeTestMethods(TestMethodWorker.java:146)
at org.testng.internal.TestMethodWorker.run(TestMethodWorker.java:128)
at java.base/java.util.ArrayList.forEach(ArrayList.java:1511)
at org.testng.TestRunner.privateRun(TestRunner.java:794)
at org.testng.TestRunner.run(TestRunner.java:596)
at org.testng.SuiteRunner.runTest(SuiteRunner.java:377)
at org.testng.SuiteRunner.runSequentially(SuiteRunner.java:371)
at org.testng.SuiteRunner.privateRun(SuiteRunner.java:332)
at org.testng.SuiteRunner.run(SuiteRunner.java:276)
at org.testng.SuiteRunnerWorker.runSuite(SuiteRunnerWorker.java:53)
at org.testng.SuiteRunnerWorker.run(SuiteRunnerWorker.java:96)
at org.testng.TestNG.runSuitesSequentially(TestNG.java:1212)
at org.testng.TestNG.runSuitesLocally(TestNG.java:1134)
at org.testng.TestNG.runSuites(TestNG.java:1063)
at org.testng.TestNG.run(TestNG.java:1031)
at org.testng.remote.AbstractRemoteTestNG.run(AbstractRemoteTestNG.java:115)
at org.testng.remote.RemoteTestNG.initAndRun(RemoteTestNG.java:251)
at org.testng.remote.RemoteTestNG.main(RemoteTestNG.java:77)
]]>
            </full-stacktrace>
          </exception> <!-- org.openqa.selenium.StaleElementReferenceException -->
          <reporter-output>
          </reporter-output>
        </test-method> <!-- runtestcases -->
      </class> <!-- testCase.RunZoomInfoOption2 -->
      <class name="testCase.runZoomInfoOption4">
        <test-method is-config="true" signature="base()[pri:0, instance:testCase.runZoomInfoOption4@72e5a8e]" started-at="2022-06-05T14:27:27 IST" name="base" finished-at="2022-06-05T14:27:30 IST" duration-ms="3279" status="PASS">
          <reporter-output>
          </reporter-output>
        </test-method> <!-- base -->
        <test-method signature="runtestcases()[pri:0, instance:testCase.runZoomInfoOption4@72e5a8e]" started-at="2022-06-05T14:27:30 IST" name="runtestcases" finished-at="2022-06-05T14:27:53 IST" duration-ms="22588" status="PASS">
          <reporter-output>
          </reporter-output>
        </test-method> <!-- runtestcases -->
      </class> <!-- testCase.runZoomInfoOption4 -->
      <class name="testCase.runZoomInfo">
        <test-method is-config="true" signature="base()[pri:0, instance:testCase.runZoomInfo@43dac38f]" started-at="2022-06-05T14:25:49 IST" name="base" finished-at="2022-06-05T14:25:54 IST" duration-ms="4443" status="PASS">
          <reporter-output>
          </reporter-output>
        </test-method> <!-- base -->
        <test-method signature="runtestcases()[pri:0, instance:testCase.runZoomInfo@43dac38f]" started-at="2022-06-05T14:25:54 IST" name="runtestcases" finished-at="2022-06-05T14:26:25 IST" duration-ms="31199" status="PASS">
          <reporter-output>
          </reporter-output>
        </test-method> <!-- runtestcases -->
      </class> <!-- testCase.runZoomInfo -->
      <class name="testCase.runZoomInfoOption3">
        <test-method is-config="true" signature="base()[pri:0, instance:testCase.runZoomInfoOption3@7d4f9aae]" started-at="2022-06-05T14:27:07 IST" name="base" finished-at="2022-06-05T14:27:10 IST" duration-ms="3694" status="PASS">
          <reporter-output>
          </reporter-output>
        </test-method> <!-- base -->
        <test-method signature="runtestcases()[pri:0, instance:testCase.runZoomInfoOption3@7d4f9aae]" started-at="2022-06-05T14:27:10 IST" name="runtestcases" finished-at="2022-06-05T14:27:27 IST" duration-ms="16498" status="PASS">
          <reporter-output>
          </reporter-output>
        </test-method> <!-- runtestcases -->
      </class> <!-- testCase.runZoomInfoOption3 -->
      <class name="testCase.runZoomInfoOption1Flow2">
        <test-method is-config="true" signature="base()[pri:0, instance:testCase.runZoomInfoOption1Flow2@13fd2ccd]" started-at="2022-06-05T14:26:25 IST" name="base" finished-at="2022-06-05T14:26:28 IST" duration-ms="3351" status="PASS">
          <reporter-output>
          </reporter-output>
        </test-method> <!-- base -->
        <test-method signature="runtestcases()[pri:0, instance:testCase.runZoomInfoOption1Flow2@13fd2ccd]" started-at="2022-06-05T14:26:28 IST" name="runtestcases" finished-at="2022-06-05T14:26:45 IST" duration-ms="16363" status="PASS">
          <reporter-output>
          </reporter-output>
        </test-method> <!-- runtestcases -->
      </class> <!-- testCase.runZoomInfoOption1Flow2 -->
    </test> <!-- Test -->
  </suite> <!-- Suite -->
</testng-results>
